  Aplikacija.cpp
  AplikacijaApstrakt.cpp
C:\Program Files (x86)\Windows Kits\10\Include\10.0.22621.0\shared\minwindef.h(130,1): warning C4005: 'APIENTRY': macro redefinition
  (compiling source file 'AplikacijaApstrakt.cpp')
  G:\Sprajtovi\include\GLFW\glfw3.h(123,1):
  see previous definition of 'APIENTRY'
  
  BaferElemenata.cpp
  Kamera2D.cpp
  Main.cpp
  MapaPlocica.cpp
G:\Sprajtovi\Sprajtovi\MapaPlocica.cpp(119,58): warning C4267: 'argument': conversion from 'size_t' to 'int', possible loss of data
  Sejder.cpp
  Sprajt.cpp
G:\Sprajtovi\Sprajtovi\Sprajt.cpp(129,66): warning C4267: 'argument': conversion from 'size_t' to 'int', possible loss of data
  Svetlo2D.cpp
  Tekstura2D.cpp
  Unos.cpp
  Generating Code...
G:\Sprajtovi\Sprajtovi\Sprajt.cpp(187,1): warning C4172: returning address of local variable or temporary: temena
glew32s.lib(glew.obj) : warning LNK4099: PDB '' was not found with 'glew32s.lib(glew.obj)' or at ''; linking object as if no debug info
LINK : warning LNK4098: defaultlib 'LIBCMT' conflicts with use of other libs; use /NODEFAULTLIB:library
LINK : warning LNK4098: defaultlib 'MSVCRT' conflicts with use of other libs; use /NODEFAULTLIB:library
  Sprajtovi.vcxproj -> G:\Sprajtovi\x64\Debug\Sprajtovi.exe
